Arguments: 
  /usr/local/bin/node /Users/jonathanmorfin/.yarn/bin/yarn.js add ./package.json

PATH: 
  /Users/jonathanmorfin/Library/Python/3.8/bin:/Library/Frameworks/Python.framework/Versions/3.8/bin:/Library/Frameworks/Python.framework/Versions/3.8/bin:/Users/jonathanmorfin/.yarn/bin:/Users/jonathanmorfin/.config/yarn/global/node_modules/.bin:/anaconda3/bin:/usr/local/bin:/usr/bin:/bin:/usr/sbin:/sbin:/usr/local/share/dotnet:/opt/X11/bin:~/.dotnet/tools

Yarn version: 
  1.22.5

Node version: 
  12.7.0

Platform: 
  darwin x64

Trace: 
  Error: ENOTDIR: not a directory, scandir '/Users/jonathanmorfin/Library/Caches/Yarn/v6/npm-sers-jonathanmorfin-esktop-personal-projects-social-media-app2-0.0.0-e8807f95-7576-4a18-8d85-4e4cad9713cf-1609956692971/node_modules/Users/jonathanmorfin/Desktop/personal_projects/social-media-app2'

npm manifest: 
  {
    "name": "social-media-app",
    "version": "1.0.0",
    "main": "index.js",
    "license": "MIT",
    "dependencies": {
      "@babel/polyfill": "^7.12.1",
      "body-parser": "^1.19.0",
      "express": "^4.17.1",
      "react": "^17.0.1",
      "react-dom": "^17.0.1",
      "react-helmet-async": "^1.0.7",
      "react-router": "^5.2.0",
      "react-router-dom": "^5.2.0"
    },
    "scripts": {
      "webpack:client": "webpack --mode=development --config webpack.client.js --watch",
      "webpack:server": "webpack --mode=development --config webpack.server.js --watch",
      "webpack:start": "nodemon --watch dist --exec node dist/server_bundle.js",
      "dev": "npm-run-all --parallel webpack:*",
      "build": "webpack --config webpack.client.js && webpack --config webpack.server.js"
    },
    "devDependencies": {
      "@babel/core": "7.10.4",
      "@babel/preset-env": "7.10.4",
      "@babel/preset-react": "7.10.4",
      "babel-loader": "8.1.0",
      "css-loader": "^5.0.1",
      "html-webpack-plugin": "^4.5.1",
      "ignore-loader": "^0.1.2",
      "nodemon": "^2.0.6",
      "npm-run-all": "^4.1.5",
      "style-loader": "^2.0.0",
      "webpack": "4.42.0",
      "webpack-cli": "3.3.12",
      "webpack-node-externals": "^2.5.2"
    }
  }

yarn manifest: 
  No manifest

Lockfile: 
  No lockfile
